<?xml version="1.0" encoding="UTF-8"?>
<!-- Generated by org.testng.reporters.JUnitReportReporter -->
<testsuite hostname="DESKTOP-6N5DIFD" failures="0" tests="1" name="testing_advatages.Emailable" time="0.094" errors="0" timestamp="2022-08-18T17:02:20 IST" skipped="0">
  <testcase classname="testing_advatages.Emailable" name="TC" time="0.094"/>
  <system-out>
    <![CDATA[HELLO]]>
  </system-out>
</testsuite> <!-- testing_advatages.Emailable -->
