<?xml version="1.0" encoding="UTF-8"?>
<!-- Generated by org.testng.reporters.JUnitReportReporter -->
<testsuite hostname="DESKTOP-6N5DIFD" failures="0" tests="1" name="testing_advatages.TRUE" time="0.040" errors="0" timestamp="2022-08-23T11:39:19 IST" skipped="0">
  <testcase classname="testing_advatages.TRUE" name="TC3" time="0.040"/>
  <system-out>
    <![CDATA[running TC3]]>
  </system-out>
</testsuite> <!-- testing_advatages.TRUE -->
