<?xml version="1.0" encoding="UTF-8"?>
<!-- Generated by org.testng.reporters.JUnitReportReporter -->
<testsuite hostname="DESKTOP-6N5DIFD" failures="0" tests="4" name="testing_advatages.Priority" time="0.056" errors="0" timestamp="2022-08-18T17:27:10 IST" skipped="0">
  <testcase classname="testing_advatages.Priority" name="TC4" time="0.033"/>
  <system-out>
    <![CDATA[heiii]]>
  </system-out>
  <testcase classname="testing_advatages.Priority" name="TC3" time="0.005"/>
  <system-out>
    <![CDATA[good]]>
  </system-out>
  <testcase classname="testing_advatages.Priority" name="TC2" time="0.006"/>
  <system-out>
    <![CDATA[i am happy]]>
  </system-out>
  <testcase classname="testing_advatages.Priority" name="TC1" time="0.012"/>
  <system-out>
    <![CDATA[good morning]]>
  </system-out>
</testsuite> <!-- testing_advatages.Priority -->
