<?xml version="1.0" encoding="UTF-8"?>
<!-- Generated by org.testng.reporters.JUnitReportReporter -->
<testsuite hostname="DESKTOP-6N5DIFD" failures="0" tests="3" name="testing_advatages.Diable$Disable_TC_using_keyword" time="0.041" errors="0" timestamp="2022-08-23T11:54:53 IST" skipped="1">
  <testcase classname="testing_advatages.Diable$Disable_TC_using_keyword" name="TC1" time="0.028"/>
  <system-out>
    <![CDATA[running tc1]]>
  </system-out>
  <testcase classname="testing_advatages.Diable$Disable_TC_using_keyword" name="TC2" time="0.013"/>
  <system-out>
    <![CDATA[running tc2]]>
  </system-out>
  <testcase classname="testing_advatages.Diable$Disable_TC_using_keyword" name="TC3">
    <skipped/>
  </testcase> <!-- TC3 -->
  <system-out/>
</testsuite> <!-- testing_advatages.Diable$Disable_TC_using_keyword -->
