<?xml version="1.0" encoding="UTF-8"?>
<!-- Generated by org.testng.reporters.JUnitReportReporter -->
<testsuite hostname="DESKTOP-6N5DIFD" failures="0" tests="1" name="testing_advatages.Assert_Equal" time="0.141" errors="0" timestamp="2022-08-23T11:32:21 IST" skipped="0">
  <testcase classname="testing_advatages.Assert_Equal" name="TC1" time="0.141"/>
  <system-out>
    <![CDATA[TC1 pass]]>
  </system-out>
</testsuite> <!-- testing_advatages.Assert_Equal -->
