<?xml version="1.0" encoding="UTF-8"?>
<!-- Generated by org.testng.reporters.JUnitReportReporter -->
<testsuite hostname="DESKTOP-6N5DIFD" failures="0" tests="1" name="Pallel1" time="20.685" errors="0" timestamp="2022-08-23T15:12:27 IST" skipped="0">
  <testcase classname="Pallel1" name="TC2" time="20.685"/>
  <system-out/>
</testsuite> <!-- Pallel1 -->
