<?xml version="1.0" encoding="UTF-8"?>
<!-- Generated by org.testng.reporters.JUnitReportReporter -->
<testsuite hostname="DESKTOP-6N5DIFD" failures="0" tests="1" name="parallel" time="28.892" errors="0" timestamp="2022-08-23T15:02:49 IST" skipped="0">
  <testcase classname="parallel" name="TC1" time="28.892"/>
  <system-out/>
</testsuite> <!-- parallel -->
