<?xml version="1.0" encoding="UTF-8"?>
<!-- Generated by org.testng.reporters.JUnitReportReporter -->
<testsuite hostname="DESKTOP-6N5DIFD" failures="0" tests="7" name="testing_advatages.Flags" time="0.138" errors="0" timestamp="2022-08-18T17:21:32 IST" skipped="0">
  <testcase classname="testing_advatages.Flags" name="TC" time="0.041"/>
  <system-out>
    <![CDATA[running tc]]>
  </system-out>
  <testcase classname="testing_advatages.Flags" name="TC" time="0.012"/>
  <system-out>
    <![CDATA[running tc]]>
  </system-out>
  <testcase classname="testing_advatages.Flags" name="TC" time="0.013"/>
  <system-out>
    <![CDATA[running tc]]>
  </system-out>
  <testcase classname="testing_advatages.Flags" name="TC" time="0.020"/>
  <system-out>
    <![CDATA[running tc]]>
  </system-out>
  <testcase classname="testing_advatages.Flags" name="TC" time="0.016"/>
  <system-out>
    <![CDATA[running tc]]>
  </system-out>
  <testcase classname="testing_advatages.Flags" name="TC" time="0.024"/>
  <system-out>
    <![CDATA[running tc]]>
  </system-out>
  <testcase classname="testing_advatages.Flags" name="TC" time="0.012"/>
  <system-out>
    <![CDATA[running tc]]>
  </system-out>
</testsuite> <!-- testing_advatages.Flags -->
