<?xml version="1.0" encoding="UTF-8"?>
<!-- Generated by org.testng.reporters.JUnitReportReporter -->
<testsuite hostname="DESKTOP-6N5DIFD" failures="0" tests="1" name="testing_advatages.Timeout" time="0.047" errors="0" timestamp="2022-08-18T17:29:24 IST" skipped="0">
  <testcase classname="testing_advatages.Timeout" name="TC" time="0.047"/>
  <system-out>
    <![CDATA[HI]]>
  </system-out>
</testsuite> <!-- testing_advatages.Timeout -->
