<?xml version="1.0" encoding="UTF-8"?>
<!-- Generated by org.testng.reporters.JUnitReportReporter -->
<testsuite hostname="DESKTOP-6N5DIFD" failures="0" tests="1" name="testing_advatages.Annotations" time="0.016" errors="0" timestamp="2022-08-18T17:17:03 IST" skipped="0">
  <testcase classname="testing_advatages.Annotations" name="verifyID" time="0.016"/>
  <system-out>
    <![CDATA[verify userid]]>
  </system-out>
</testsuite> <!-- testing_advatages.Annotations -->
