<?xml version="1.0" encoding="UTF-8"?>
<!-- Generated by org.testng.reporters.JUnitReportReporter -->
<testsuite hostname="DESKTOP-6N5DIFD" failures="0" tests="1" name="testing_advatages.False" time="0.045" errors="0" timestamp="2022-08-23T11:43:06 IST" skipped="0">
  <testcase classname="testing_advatages.False" name="TC4" time="0.045"/>
  <system-out>
    <![CDATA[running TC4]]>
  </system-out>
</testsuite> <!-- testing_advatages.False -->
